#!MLF!#
"./fn001001_2-885.rec"
0 550000 silB -729.283508 silB
550000 1450000 @ -1118.307983 @
1450000 2200000 n -877.039612 n
2200000 2450000 sp -392.798950 sp
2450000 3550000 f -1408.551880 f
3550000 4350000 i -1102.213867 i
4350000 5250000 t -1333.145264 t
5250000 5800000 s -777.064087 s
5800000 5950000 p -246.559204 p
5950000 7200000 E -1437.978149 E
7200000 8150000 l -1046.062378 l
8150000 8300000 sp -203.255508 sp
8300000 9300000 r -1326.753540 r
9300000 9950000 I -800.809875 I
9950000 11050000 N -1403.333374 N
11050000 11500000 k -649.476929 k
11500000 11650000 @ -216.181442 @
11650000 12400000 l -945.337280 l
12400000 12950000 t -794.328918 t
12950000 13100000 sp -221.946762 sp
13100000 13700000 I -772.274170 I
13700000 14000000 n -415.832611 n
14000000 14150000 sp -223.738098 sp
14150000 14450000 d -391.536377 d
14450000 14600000 @ -193.180435 @
14600000 14750000 sp -215.298294 sp
14750000 16900000 a -2475.898926 a
16900000 17600000 f -892.229553 f
17600000 18100000 O -639.040527 O
18100000 18450000 n -443.331879 n
18450000 19050000 t -810.397217 t
19050000 19500000 s -637.344666 s
19500000 20200000 x -996.341187 x
20200000 21400000 e -1377.818604 e
21400000 22200000 m -929.649719 m
22200000 22350000 @ -193.206604 @
22350000 22500000 r -195.005478 r
22500000 23600000 I -1169.259399 I
23600000 24450000 N -965.275513 N
24450000 25150000 silE -800.777405 silE
.
